<?xml version="1.0" encoding="UTF-8"?>
<!-- Generated by org.testng.reporters.JUnitXMLReporter -->
<testsuite ignored="1" hostname="LAPTOP-57Q5F189" failures="0" tests="6" name="Default test" time="0.089" errors="0" timestamp="2024-01-31T23:06:21 CST">
  <testcase classname="test.Day3" name="mobileLoginCarLoan" time="0.006"/>
  <testcase classname="test.Day3" name="mobileSignoutCarLoan" time="0.002"/>
  <testcase classname="test.Day3" name="mobileSignoutCarLoan" time="0.005"/>
  <testcase classname="test.Day3" name="mobileSignoutCarLoan" time="0.002"/>
  <testcase classname="test.Day3" name="webLoginCarLoan" time="0.001"/>
  <testcase classname="test.Day3" name="loginAPICarLoan" time="0.001"/>
  <testcase classname="test.Day3" name="mobileSigninCarLoan" time="0.0">
    <ignored/>
  </testcase> <!-- mobileSigninCarLoan -->
</testsuite> <!-- Default test -->
