<?xml version="1.0" encoding="UTF-8"?>
<!-- Generated by org.testng.reporters.JUnitXMLReporter -->
<testsuite ignored="1" hostname="LAPTOP-57Q5F189" failures="0" tests="5" name="Personal Loan" time="0.118" errors="0" timestamp="2024-01-31T23:48:54 CST">
  <testcase classname="test.Day1" name="demo" time="0.011"/>
  <testcase classname="test.Day2" name="ploan" time="0.002"/>
  <testcase classname="test.Day4" name="loginAPIHomeLoan" time="0.005"/>
  <testcase classname="test.Day4" name="mobileLoginHomeLoan" time="0.005"/>
  <testcase classname="test.Day4" name="webLoginHomeLoan" time="0.006"/>
  <testcase classname="test.Day1" name="demo1" time="0.0">
    <ignored/>
  </testcase> <!-- demo1 -->
</testsuite> <!-- Personal Loan -->
