<?xml version="1.0" encoding="UTF-8"?>
<!-- Generated by org.testng.reporters.JUnitXMLReporter -->
<testsuite ignored="7" hostname="LAPTOP-57Q5F189" failures="0" tests="4" name="Regression" time="0.101" errors="0" timestamp="2024-01-31T18:45:56 CST">
  <testcase classname="test.Day1" name="demo" time="0.012"/>
  <testcase classname="test.Day2" name="ploan" time="0.007"/>
  <testcase classname="test.Day3" name="loginAPICarLoan" time="0.004"/>
  <testcase classname="test.Day4" name="loginAPIHomeLoan" time="0.003"/>
  <testcase classname="test.Day3" name="mobileSignoutCarLoan" time="0.0">
    <ignored/>
  </testcase> <!-- mobileSignoutCarLoan -->
  <testcase classname="test.Day3" name="webLoginCarLoan" time="0.0">
    <ignored/>
  </testcase> <!-- webLoginCarLoan -->
  <testcase classname="test.Day4" name="webLoginHomeLoan" time="0.0">
    <ignored/>
  </testcase> <!-- webLoginHomeLoan -->
  <testcase classname="test.Day3" name="mobileLoginCarLoan" time="0.0">
    <ignored/>
  </testcase> <!-- mobileLoginCarLoan -->
  <testcase classname="test.Day3" name="mobileSigninCarLoan" time="0.0">
    <ignored/>
  </testcase> <!-- mobileSigninCarLoan -->
  <testcase classname="test.Day4" name="mobileLoginHomeLoan" time="0.0">
    <ignored/>
  </testcase> <!-- mobileLoginHomeLoan -->
  <testcase classname="test.Day1" name="demo1" time="0.0">
    <ignored/>
  </testcase> <!-- demo1 -->
</testsuite> <!-- Regression -->
